{
"contracts/RubicProxy.sol":{"l":{"42":3,"53":3,"68":15,"69":1,"72":14,"73":14,"74":14,"77":14,"79":14,"81":14,"83":14,"85":14,"91":13,"92":1,"96":12,"97":1,"108":3,"109":1,"112":2,"114":2,"122":2,"126":1},"path":"/Users/vlad/Desktop/Solidity/8_universal-proxy/contracts/RubicProxy.sol","s":{"1":3,"2":3,"3":15,"4":14,"5":14,"6":14,"7":14,"8":14,"9":14,"10":14,"11":13,"12":12,"13":1,"14":3,"15":2,"16":2,"17":2,"18":1},"b":{"1":[3,0],"2":[16,0],"3":[15,1],"4":[15,0],"5":[1,14],"6":[1,12],"7":[1,11],"8":[3,0],"9":[3,0],"10":[3,0],"11":[1,2],"12":[1,1]},"f":{"1":3,"2":3,"3":15,"4":3,"5":1},"fnMap":{"1":{"name":"constructor","line":34,"loc":{"start":{"line":34,"column":4},"end":{"line":43,"column":4}}},"2":{"name":"initialize","line":52,"loc":{"start":{"line":45,"column":4},"end":{"line":61,"column":4}}},"3":{"name":"routerCall","line":67,"loc":{"start":{"line":63,"column":4},"end":{"line":99,"column":4}}},"4":{"name":"routerCallNative","line":106,"loc":{"start":{"line":101,"column":4},"end":{"line":123,"column":4}}},"5":{"name":"sweepTokens","line":125,"loc":{"start":{"line":125,"column":4},"end":{"line":127,"column":4}}}},"statementMap":{"1":{"start":{"line":42,"column":8},"end":{"line":42,"column":108}},"2":{"start":{"line":53,"column":8},"end":{"line":53,"column":1957}},"3":{"start":{"line":68,"column":8},"end":{"line":68,"column":2377}},"4":{"start":{"line":72,"column":8},"end":{"line":72,"column":105}},"5":{"start":{"line":73,"column":8},"end":{"line":73,"column":115}},"6":{"start":{"line":74,"column":8},"end":{"line":74,"column":104}},"7":{"start":{"line":77,"column":8},"end":{"line":77,"column":72}},"8":{"start":{"line":79,"column":8},"end":{"line":79,"column":80}},"9":{"start":{"line":83,"column":8},"end":{"line":83,"column":112}},"10":{"start":{"line":85,"column":8},"end":{"line":85,"column":3292}},"11":{"start":{"line":91,"column":8},"end":{"line":91,"column":3461}},"12":{"start":{"line":96,"column":8},"end":{"line":96,"column":3686}},"13":{"start":{"line":97,"column":12},"end":{"line":97,"column":76}},"14":{"start":{"line":108,"column":8},"end":{"line":108,"column":4080}},"15":{"start":{"line":112,"column":8},"end":{"line":112,"column":80}},"16":{"start":{"line":114,"column":8},"end":{"line":114,"column":4274}},"17":{"start":{"line":122,"column":8},"end":{"line":122,"column":81}},"18":{"start":{"line":126,"column":8},"end":{"line":126,"column":45}}},"branchMap":{"1":{"line":52,"type":"if","locations":[{"start":{"line":52,"column":14},"end":{"line":52,"column":14}},{"start":{"line":52,"column":14},"end":{"line":52,"column":14}}]},"2":{"line":67,"type":"if","locations":[{"start":{"line":67,"column":23},"end":{"line":67,"column":23}},{"start":{"line":67,"column":23},"end":{"line":67,"column":23}}]},"3":{"line":67,"type":"if","locations":[{"start":{"line":67,"column":36},"end":{"line":67,"column":36}},{"start":{"line":67,"column":36},"end":{"line":67,"column":36}}]},"4":{"line":67,"type":"if","locations":[{"start":{"line":67,"column":50},"end":{"line":67,"column":50}},{"start":{"line":67,"column":50},"end":{"line":67,"column":50}}]},"5":{"line":68,"type":"if","locations":[{"start":{"line":68,"column":8},"end":{"line":68,"column":8}},{"start":{"line":68,"column":8},"end":{"line":68,"column":8}}]},"6":{"line":91,"type":"if","locations":[{"start":{"line":91,"column":8},"end":{"line":91,"column":8}},{"start":{"line":91,"column":8},"end":{"line":91,"column":8}}]},"7":{"line":96,"type":"if","locations":[{"start":{"line":96,"column":8},"end":{"line":96,"column":8}},{"start":{"line":96,"column":8},"end":{"line":96,"column":8}}]},"8":{"line":104,"type":"if","locations":[{"start":{"line":104,"column":8},"end":{"line":104,"column":8}},{"start":{"line":104,"column":8},"end":{"line":104,"column":8}}]},"9":{"line":105,"type":"if","locations":[{"start":{"line":105,"column":8},"end":{"line":105,"column":8}},{"start":{"line":105,"column":8},"end":{"line":105,"column":8}}]},"10":{"line":106,"type":"if","locations":[{"start":{"line":106,"column":8},"end":{"line":106,"column":8}},{"start":{"line":106,"column":8},"end":{"line":106,"column":8}}]},"11":{"line":108,"type":"if","locations":[{"start":{"line":108,"column":8},"end":{"line":108,"column":8}},{"start":{"line":108,"column":8},"end":{"line":108,"column":8}}]},"12":{"line":125,"type":"if","locations":[{"start":{"line":125,"column":67},"end":{"line":125,"column":67}},{"start":{"line":125,"column":67},"end":{"line":125,"column":67}}]}}},
"contracts/test/TestCrossChain.sol":{"l":{"26":14,"28":13,"32":2,"33":2,"44":15,"45":15,"49":2,"50":2},"path":"/Users/vlad/Desktop/Solidity/8_universal-proxy/contracts/test/TestCrossChain.sol","s":{"1":14,"2":13,"3":2,"4":2,"5":15,"6":15,"7":2,"8":2},"b":{"1":[2,0]},"f":{"1":14,"2":2,"3":15,"4":2},"fnMap":{"1":{"name":"swapToken","line":21,"loc":{"start":{"line":21,"column":4},"end":{"line":29,"column":4}}},"2":{"name":"swapNative","line":31,"loc":{"start":{"line":31,"column":4},"end":{"line":34,"column":4}}},"3":{"name":"viewEncode","line":39,"loc":{"start":{"line":39,"column":4},"end":{"line":46,"column":4}}},"4":{"name":"viewEncodeNative","line":48,"loc":{"start":{"line":48,"column":4},"end":{"line":51,"column":4}}}},"statementMap":{"1":{"start":{"line":26,"column":8},"end":{"line":26,"column":80}},"2":{"start":{"line":28,"column":8},"end":{"line":28,"column":66}},"3":{"start":{"line":32,"column":8},"end":{"line":32,"column":41}},"4":{"start":{"line":33,"column":8},"end":{"line":33,"column":65}},"5":{"start":{"line":44,"column":8},"end":{"line":44,"column":102}},"6":{"start":{"line":45,"column":8},"end":{"line":45,"column":19}},"7":{"start":{"line":49,"column":8},"end":{"line":49,"column":96}},"8":{"start":{"line":50,"column":8},"end":{"line":50,"column":19}}},"branchMap":{"1":{"line":32,"type":"if","locations":[{"start":{"line":32,"column":8},"end":{"line":32,"column":8}},{"start":{"line":32,"column":8},"end":{"line":32,"column":8}}]}}},
"contracts/test/TestDEX.sol":{"l":{"23":0,"24":0},"path":"/Users/vlad/Desktop/Solidity/8_universal-proxy/contracts/test/TestDEX.sol","s":{"1":0,"2":0},"b":{},"f":{"1":0},"fnMap":{"1":{"name":"swap","line":18,"loc":{"start":{"line":18,"column":4},"end":{"line":25,"column":4}}}},"statementMap":{"1":{"start":{"line":23,"column":8},"end":{"line":23,"column":79}},"2":{"start":{"line":24,"column":8},"end":{"line":24,"column":66}}},"branchMap":{}},
"contracts/test/TestERC20.sol":{"l":{"9":6,"13":1},"path":"/Users/vlad/Desktop/Solidity/8_universal-proxy/contracts/test/TestERC20.sol","s":{"1":6,"2":1},"b":{},"f":{"1":6,"2":1},"fnMap":{"1":{"name":"constructor","line":8,"loc":{"start":{"line":8,"column":4},"end":{"line":10,"column":4}}},"2":{"name":"mint","line":12,"loc":{"start":{"line":12,"column":4},"end":{"line":14,"column":4}}}},"statementMap":{"1":{"start":{"line":9,"column":8},"end":{"line":9,"column":37}},"2":{"start":{"line":13,"column":8},"end":{"line":13,"column":26}}},"branchMap":{}},
"contracts/test/TestERC20Allowance.sol":{"l":{"9":3,"13":1,"17":2,"18":2,"19":2},"path":"/Users/vlad/Desktop/Solidity/8_universal-proxy/contracts/test/TestERC20Allowance.sol","s":{"1":3,"2":1,"3":2,"4":2,"5":2},"b":{},"f":{"1":3,"2":1,"3":2},"fnMap":{"1":{"name":"constructor","line":8,"loc":{"start":{"line":8,"column":4},"end":{"line":10,"column":4}}},"2":{"name":"mint","line":12,"loc":{"start":{"line":12,"column":4},"end":{"line":14,"column":4}}},"3":{"name":"approve","line":16,"loc":{"start":{"line":16,"column":4},"end":{"line":20,"column":4}}}},"statementMap":{"1":{"start":{"line":9,"column":8},"end":{"line":9,"column":37}},"2":{"start":{"line":13,"column":8},"end":{"line":13,"column":26}},"3":{"start":{"line":17,"column":8},"end":{"line":17,"column":36}},"4":{"start":{"line":18,"column":8},"end":{"line":18,"column":47}},"5":{"start":{"line":19,"column":8},"end":{"line":19,"column":19}}},"branchMap":{}},
"contracts/test/TestERC20Defl.sol":{"l":{"30":3,"31":3,"38":0,"42":1,"50":0,"67":0,"74":0,"81":3,"93":0,"94":0,"95":0,"102":6,"116":1,"117":1,"118":1,"142":2,"143":2,"144":2,"145":2,"161":1,"162":1,"163":1,"181":0,"182":0,"183":0,"184":0,"185":0,"188":0,"210":2,"211":2,"213":2,"215":2,"216":2,"217":2,"218":2,"220":2,"222":2,"224":2,"237":1,"239":1,"241":1,"242":1,"243":1,"245":1,"260":0,"262":0,"264":0,"265":0,"266":0,"267":0,"269":0,"271":0,"273":0,"294":4,"295":4,"297":4,"298":4,"314":2,"315":2,"316":2,"317":2,"318":2},"path":"/Users/vlad/Desktop/Solidity/8_universal-proxy/contracts/test/TestERC20Defl.sol","s":{"1":0,"2":1,"3":0,"4":0,"5":0,"6":3,"7":0,"8":0,"9":0,"10":6,"11":1,"12":1,"13":1,"14":2,"15":2,"16":2,"17":2,"18":1,"19":1,"20":1,"21":0,"22":0,"23":0,"24":0,"25":0,"26":2,"27":2,"28":2,"29":2,"30":2,"31":2,"32":2,"33":1,"34":1,"35":1,"36":1,"37":0,"38":0,"39":0,"40":0,"41":0,"42":0,"43":4,"44":4,"45":4,"46":2,"47":2,"48":2,"49":2},"b":{"1":[0,0],"2":[2,0],"3":[2,0],"4":[2,0],"5":[1,0],"6":[0,0],"7":[0,0],"8":[4,0],"9":[4,0],"10":[2,0],"11":[2,0]},"f":{"1":3,"2":0,"3":1,"4":0,"5":0,"6":0,"7":3,"8":0,"9":6,"10":1,"11":2,"12":1,"13":0,"14":2,"15":1,"16":0,"17":4,"18":2,"19":3,"20":3},"fnMap":{"1":{"name":"constructor","line":29,"loc":{"start":{"line":29,"column":4},"end":{"line":32,"column":4}}},"2":{"name":"name","line":37,"loc":{"start":{"line":37,"column":4},"end":{"line":39,"column":4}}},"3":{"name":"mint","line":41,"loc":{"start":{"line":41,"column":4},"end":{"line":43,"column":4}}},"4":{"name":"symbol","line":49,"loc":{"start":{"line":49,"column":4},"end":{"line":51,"column":4}}},"5":{"name":"decimals","line":66,"loc":{"start":{"line":66,"column":4},"end":{"line":68,"column":4}}},"6":{"name":"totalSupply","line":73,"loc":{"start":{"line":73,"column":4},"end":{"line":75,"column":4}}},"7":{"name":"balanceOf","line":80,"loc":{"start":{"line":80,"column":4},"end":{"line":82,"column":4}}},"8":{"name":"transfer","line":92,"loc":{"start":{"line":92,"column":4},"end":{"line":96,"column":4}}},"9":{"name":"allowance","line":101,"loc":{"start":{"line":101,"column":4},"end":{"line":103,"column":4}}},"10":{"name":"approve","line":115,"loc":{"start":{"line":115,"column":4},"end":{"line":119,"column":4}}},"11":{"name":"transferFrom","line":137,"loc":{"start":{"line":137,"column":4},"end":{"line":146,"column":4}}},"12":{"name":"increaseAllowance","line":160,"loc":{"start":{"line":160,"column":4},"end":{"line":164,"column":4}}},"13":{"name":"decreaseAllowance","line":180,"loc":{"start":{"line":180,"column":4},"end":{"line":189,"column":4}}},"14":{"name":"_transfer","line":205,"loc":{"start":{"line":205,"column":4},"end":{"line":225,"column":4}}},"15":{"name":"_mint","line":236,"loc":{"start":{"line":236,"column":4},"end":{"line":246,"column":4}}},"16":{"name":"_burn","line":259,"loc":{"start":{"line":259,"column":4},"end":{"line":274,"column":4}}},"17":{"name":"_approve","line":289,"loc":{"start":{"line":289,"column":4},"end":{"line":299,"column":4}}},"18":{"name":"_spendAllowance","line":309,"loc":{"start":{"line":309,"column":4},"end":{"line":321,"column":4}}},"19":{"name":"_beforeTokenTransfer","line":337,"loc":{"start":{"line":337,"column":4},"end":{"line":341,"column":24}}},"20":{"name":"_afterTokenTransfer","line":357,"loc":{"start":{"line":357,"column":4},"end":{"line":361,"column":24}}}},"statementMap":{"1":{"start":{"line":38,"column":8},"end":{"line":38,"column":20}},"2":{"start":{"line":42,"column":8},"end":{"line":42,"column":26}},"3":{"start":{"line":50,"column":8},"end":{"line":50,"column":22}},"4":{"start":{"line":67,"column":8},"end":{"line":67,"column":17}},"5":{"start":{"line":74,"column":8},"end":{"line":74,"column":27}},"6":{"start":{"line":81,"column":8},"end":{"line":81,"column":33}},"7":{"start":{"line":93,"column":8},"end":{"line":93,"column":36}},"8":{"start":{"line":94,"column":8},"end":{"line":94,"column":35}},"9":{"start":{"line":95,"column":8},"end":{"line":95,"column":19}},"10":{"start":{"line":102,"column":8},"end":{"line":102,"column":42}},"11":{"start":{"line":116,"column":8},"end":{"line":116,"column":36}},"12":{"start":{"line":117,"column":8},"end":{"line":117,"column":39}},"13":{"start":{"line":118,"column":8},"end":{"line":118,"column":19}},"14":{"start":{"line":142,"column":8},"end":{"line":142,"column":38}},"15":{"start":{"line":143,"column":8},"end":{"line":143,"column":45}},"16":{"start":{"line":144,"column":8},"end":{"line":144,"column":34}},"17":{"start":{"line":145,"column":8},"end":{"line":145,"column":19}},"18":{"start":{"line":161,"column":8},"end":{"line":161,"column":36}},"19":{"start":{"line":162,"column":8},"end":{"line":162,"column":71}},"20":{"start":{"line":163,"column":8},"end":{"line":163,"column":19}},"21":{"start":{"line":181,"column":8},"end":{"line":181,"column":36}},"22":{"start":{"line":182,"column":8},"end":{"line":182,"column":60}},"23":{"start":{"line":183,"column":8},"end":{"line":183,"column":92}},"24":{"start":{"line":185,"column":12},"end":{"line":185,"column":71}},"25":{"start":{"line":188,"column":8},"end":{"line":188,"column":19}},"26":{"start":{"line":210,"column":8},"end":{"line":210,"column":75}},"27":{"start":{"line":211,"column":8},"end":{"line":211,"column":71}},"28":{"start":{"line":213,"column":8},"end":{"line":213,"column":45}},"29":{"start":{"line":215,"column":8},"end":{"line":215,"column":45}},"30":{"start":{"line":216,"column":8},"end":{"line":216,"column":79}},"31":{"start":{"line":222,"column":8},"end":{"line":222,"column":39}},"32":{"start":{"line":224,"column":8},"end":{"line":224,"column":44}},"33":{"start":{"line":237,"column":8},"end":{"line":237,"column":72}},"34":{"start":{"line":239,"column":8},"end":{"line":239,"column":56}},"35":{"start":{"line":243,"column":8},"end":{"line":243,"column":50}},"36":{"start":{"line":245,"column":8},"end":{"line":245,"column":55}},"37":{"start":{"line":260,"column":8},"end":{"line":260,"column":74}},"38":{"start":{"line":262,"column":8},"end":{"line":262,"column":56}},"39":{"start":{"line":264,"column":8},"end":{"line":264,"column":51}},"40":{"start":{"line":265,"column":8},"end":{"line":265,"column":78}},"41":{"start":{"line":271,"column":8},"end":{"line":271,"column":50}},"42":{"start":{"line":273,"column":8},"end":{"line":273,"column":55}},"43":{"start":{"line":294,"column":8},"end":{"line":294,"column":75}},"44":{"start":{"line":295,"column":8},"end":{"line":295,"column":75}},"45":{"start":{"line":298,"column":8},"end":{"line":298,"column":45}},"46":{"start":{"line":314,"column":8},"end":{"line":314,"column":60}},"47":{"start":{"line":315,"column":8},"end":{"line":315,"column":9876}},"48":{"start":{"line":316,"column":12},"end":{"line":316,"column":79}},"49":{"start":{"line":318,"column":16},"end":{"line":318,"column":66}}},"branchMap":{"1":{"line":183,"type":"if","locations":[{"start":{"line":183,"column":8},"end":{"line":183,"column":8}},{"start":{"line":183,"column":8},"end":{"line":183,"column":8}}]},"2":{"line":210,"type":"if","locations":[{"start":{"line":210,"column":8},"end":{"line":210,"column":8}},{"start":{"line":210,"column":8},"end":{"line":210,"column":8}}]},"3":{"line":211,"type":"if","locations":[{"start":{"line":211,"column":8},"end":{"line":211,"column":8}},{"start":{"line":211,"column":8},"end":{"line":211,"column":8}}]},"4":{"line":216,"type":"if","locations":[{"start":{"line":216,"column":8},"end":{"line":216,"column":8}},{"start":{"line":216,"column":8},"end":{"line":216,"column":8}}]},"5":{"line":237,"type":"if","locations":[{"start":{"line":237,"column":8},"end":{"line":237,"column":8}},{"start":{"line":237,"column":8},"end":{"line":237,"column":8}}]},"6":{"line":260,"type":"if","locations":[{"start":{"line":260,"column":8},"end":{"line":260,"column":8}},{"start":{"line":260,"column":8},"end":{"line":260,"column":8}}]},"7":{"line":265,"type":"if","locations":[{"start":{"line":265,"column":8},"end":{"line":265,"column":8}},{"start":{"line":265,"column":8},"end":{"line":265,"column":8}}]},"8":{"line":294,"type":"if","locations":[{"start":{"line":294,"column":8},"end":{"line":294,"column":8}},{"start":{"line":294,"column":8},"end":{"line":294,"column":8}}]},"9":{"line":295,"type":"if","locations":[{"start":{"line":295,"column":8},"end":{"line":295,"column":8}},{"start":{"line":295,"column":8},"end":{"line":295,"column":8}}]},"10":{"line":315,"type":"if","locations":[{"start":{"line":315,"column":8},"end":{"line":315,"column":8}},{"start":{"line":315,"column":8},"end":{"line":315,"column":8}}]},"11":{"line":316,"type":"if","locations":[{"start":{"line":316,"column":12},"end":{"line":316,"column":12}},{"start":{"line":316,"column":12},"end":{"line":316,"column":12}}]}}},
"contracts/test/TestOnlySource.sol":{"l":{},"path":"/Users/vlad/Desktop/Solidity/8_universal-proxy/contracts/test/TestOnlySource.sol","s":{},"b":{},"f":{},"fnMap":{},"statementMap":{},"branchMap":{}}}
