{
"contracts/RubicProxy.sol":{"l":{"42":3,"53":3,"68":13,"69":1,"71":12,"72":12,"73":12,"75":12,"77":12,"79":12,"81":12,"83":12,"89":10,"90":1,"94":9,"95":0,"106":3,"107":1,"110":2,"112":2,"120":2,"124":1},"path":"/Users/vlad/Desktop/Solidity/8_universal-proxy/contracts/RubicProxy.sol","s":{"1":3,"2":3,"3":13,"4":12,"5":12,"6":12,"7":12,"8":12,"9":12,"10":12,"11":10,"12":9,"13":0,"14":3,"15":2,"16":2,"17":2,"18":1},"b":{"1":[3,0],"2":[13,0],"3":[13,0],"4":[13,0],"5":[1,12],"6":[1,9],"7":[0,9],"8":[3,0],"9":[3,0],"10":[3,0],"11":[1,2],"12":[1,1]},"f":{"1":3,"2":3,"3":13,"4":3,"5":1},"fnMap":{"1":{"name":"constructor","line":34,"loc":{"start":{"line":34,"column":4},"end":{"line":43,"column":4}}},"2":{"name":"initialize","line":52,"loc":{"start":{"line":45,"column":4},"end":{"line":61,"column":4}}},"3":{"name":"routerCall","line":67,"loc":{"start":{"line":63,"column":4},"end":{"line":97,"column":4}}},"4":{"name":"routerCallNative","line":104,"loc":{"start":{"line":99,"column":4},"end":{"line":121,"column":4}}},"5":{"name":"sweepTokens","line":123,"loc":{"start":{"line":123,"column":4},"end":{"line":125,"column":4}}}},"statementMap":{"1":{"start":{"line":42,"column":8},"end":{"line":42,"column":108}},"2":{"start":{"line":53,"column":8},"end":{"line":53,"column":1957}},"3":{"start":{"line":68,"column":8},"end":{"line":68,"column":2377}},"4":{"start":{"line":71,"column":8},"end":{"line":71,"column":105}},"5":{"start":{"line":72,"column":8},"end":{"line":72,"column":115}},"6":{"start":{"line":73,"column":8},"end":{"line":73,"column":104}},"7":{"start":{"line":75,"column":8},"end":{"line":75,"column":72}},"8":{"start":{"line":77,"column":8},"end":{"line":77,"column":80}},"9":{"start":{"line":81,"column":8},"end":{"line":81,"column":112}},"10":{"start":{"line":83,"column":8},"end":{"line":83,"column":3282}},"11":{"start":{"line":89,"column":8},"end":{"line":89,"column":3451}},"12":{"start":{"line":94,"column":8},"end":{"line":94,"column":3676}},"13":{"start":{"line":95,"column":12},"end":{"line":95,"column":76}},"14":{"start":{"line":106,"column":8},"end":{"line":106,"column":4070}},"15":{"start":{"line":110,"column":8},"end":{"line":110,"column":80}},"16":{"start":{"line":112,"column":8},"end":{"line":112,"column":4264}},"17":{"start":{"line":120,"column":8},"end":{"line":120,"column":81}},"18":{"start":{"line":124,"column":8},"end":{"line":124,"column":45}}},"branchMap":{"1":{"line":52,"type":"if","locations":[{"start":{"line":52,"column":14},"end":{"line":52,"column":14}},{"start":{"line":52,"column":14},"end":{"line":52,"column":14}}]},"2":{"line":67,"type":"if","locations":[{"start":{"line":67,"column":23},"end":{"line":67,"column":23}},{"start":{"line":67,"column":23},"end":{"line":67,"column":23}}]},"3":{"line":67,"type":"if","locations":[{"start":{"line":67,"column":36},"end":{"line":67,"column":36}},{"start":{"line":67,"column":36},"end":{"line":67,"column":36}}]},"4":{"line":67,"type":"if","locations":[{"start":{"line":67,"column":50},"end":{"line":67,"column":50}},{"start":{"line":67,"column":50},"end":{"line":67,"column":50}}]},"5":{"line":68,"type":"if","locations":[{"start":{"line":68,"column":8},"end":{"line":68,"column":8}},{"start":{"line":68,"column":8},"end":{"line":68,"column":8}}]},"6":{"line":89,"type":"if","locations":[{"start":{"line":89,"column":8},"end":{"line":89,"column":8}},{"start":{"line":89,"column":8},"end":{"line":89,"column":8}}]},"7":{"line":94,"type":"if","locations":[{"start":{"line":94,"column":8},"end":{"line":94,"column":8}},{"start":{"line":94,"column":8},"end":{"line":94,"column":8}}]},"8":{"line":102,"type":"if","locations":[{"start":{"line":102,"column":8},"end":{"line":102,"column":8}},{"start":{"line":102,"column":8},"end":{"line":102,"column":8}}]},"9":{"line":103,"type":"if","locations":[{"start":{"line":103,"column":8},"end":{"line":103,"column":8}},{"start":{"line":103,"column":8},"end":{"line":103,"column":8}}]},"10":{"line":104,"type":"if","locations":[{"start":{"line":104,"column":8},"end":{"line":104,"column":8}},{"start":{"line":104,"column":8},"end":{"line":104,"column":8}}]},"11":{"line":106,"type":"if","locations":[{"start":{"line":106,"column":8},"end":{"line":106,"column":8}},{"start":{"line":106,"column":8},"end":{"line":106,"column":8}}]},"12":{"line":123,"type":"if","locations":[{"start":{"line":123,"column":67},"end":{"line":123,"column":67}},{"start":{"line":123,"column":67},"end":{"line":123,"column":67}}]}}},
"contracts/test/TestCrossChain.sol":{"l":{"26":12,"28":10,"32":2,"33":2,"44":12,"45":12,"49":2,"50":2},"path":"/Users/vlad/Desktop/Solidity/8_universal-proxy/contracts/test/TestCrossChain.sol","s":{"1":12,"2":10,"3":2,"4":2,"5":12,"6":12,"7":2,"8":2},"b":{"1":[2,0]},"f":{"1":12,"2":2,"3":12,"4":2},"fnMap":{"1":{"name":"swapToken","line":21,"loc":{"start":{"line":21,"column":4},"end":{"line":29,"column":4}}},"2":{"name":"swapNative","line":31,"loc":{"start":{"line":31,"column":4},"end":{"line":34,"column":4}}},"3":{"name":"viewEncode","line":39,"loc":{"start":{"line":39,"column":4},"end":{"line":46,"column":4}}},"4":{"name":"viewEncodeNative","line":48,"loc":{"start":{"line":48,"column":4},"end":{"line":51,"column":4}}}},"statementMap":{"1":{"start":{"line":26,"column":8},"end":{"line":26,"column":80}},"2":{"start":{"line":28,"column":8},"end":{"line":28,"column":66}},"3":{"start":{"line":32,"column":8},"end":{"line":32,"column":41}},"4":{"start":{"line":33,"column":8},"end":{"line":33,"column":65}},"5":{"start":{"line":44,"column":8},"end":{"line":44,"column":102}},"6":{"start":{"line":45,"column":8},"end":{"line":45,"column":19}},"7":{"start":{"line":49,"column":8},"end":{"line":49,"column":96}},"8":{"start":{"line":50,"column":8},"end":{"line":50,"column":19}}},"branchMap":{"1":{"line":32,"type":"if","locations":[{"start":{"line":32,"column":8},"end":{"line":32,"column":8}},{"start":{"line":32,"column":8},"end":{"line":32,"column":8}}]}}},
"contracts/test/TestDEX.sol":{"l":{"23":0,"24":0},"path":"/Users/vlad/Desktop/Solidity/8_universal-proxy/contracts/test/TestDEX.sol","s":{"1":0,"2":0},"b":{},"f":{"1":0},"fnMap":{"1":{"name":"swap","line":18,"loc":{"start":{"line":18,"column":4},"end":{"line":25,"column":4}}}},"statementMap":{"1":{"start":{"line":23,"column":8},"end":{"line":23,"column":79}},"2":{"start":{"line":24,"column":8},"end":{"line":24,"column":66}}},"branchMap":{}},
"contracts/test/TestERC20.sol":{"l":{"9":6,"13":1},"path":"/Users/vlad/Desktop/Solidity/8_universal-proxy/contracts/test/TestERC20.sol","s":{"1":6,"2":1},"b":{},"f":{"1":6,"2":1},"fnMap":{"1":{"name":"constructor","line":8,"loc":{"start":{"line":8,"column":4},"end":{"line":10,"column":4}}},"2":{"name":"mint","line":12,"loc":{"start":{"line":12,"column":4},"end":{"line":14,"column":4}}}},"statementMap":{"1":{"start":{"line":9,"column":8},"end":{"line":9,"column":37}},"2":{"start":{"line":13,"column":8},"end":{"line":13,"column":26}}},"branchMap":{}},
"contracts/test/TestERC20Allowance.sol":{"l":{"9":3,"13":1,"27":1,"28":1,"29":1},"path":"/Users/vlad/Desktop/Solidity/8_universal-proxy/contracts/test/TestERC20Allowance.sol","s":{"1":3,"2":1,"3":1,"4":1,"5":1},"b":{},"f":{"1":3,"2":1,"3":1},"fnMap":{"1":{"name":"constructor","line":8,"loc":{"start":{"line":8,"column":4},"end":{"line":10,"column":4}}},"2":{"name":"mint","line":12,"loc":{"start":{"line":12,"column":4},"end":{"line":14,"column":4}}},"3":{"name":"approve","line":26,"loc":{"start":{"line":26,"column":4},"end":{"line":30,"column":4}}}},"statementMap":{"1":{"start":{"line":9,"column":8},"end":{"line":9,"column":37}},"2":{"start":{"line":13,"column":8},"end":{"line":13,"column":26}},"3":{"start":{"line":27,"column":8},"end":{"line":27,"column":36}},"4":{"start":{"line":28,"column":8},"end":{"line":28,"column":42}},"5":{"start":{"line":29,"column":8},"end":{"line":29,"column":19}}},"branchMap":{}},
"contracts/test/TestOnlySource.sol":{"l":{},"path":"/Users/vlad/Desktop/Solidity/8_universal-proxy/contracts/test/TestOnlySource.sol","s":{},"b":{},"f":{},"fnMap":{},"statementMap":{},"branchMap":{}}}
