TN:
SF:/Users/vlad/Desktop/Solidity/8_universal-proxy/contracts/RubicProxy.sol
FN:34,constructor
FN:52,initialize
FN:67,routerCall
FN:104,routerCallNative
FN:123,sweepTokens
FNF:5
FNH:5
FNDA:3,constructor
FNDA:3,initialize
FNDA:13,routerCall
FNDA:3,routerCallNative
FNDA:1,sweepTokens
DA:42,3
DA:53,3
DA:68,13
DA:69,1
DA:71,12
DA:72,12
DA:73,12
DA:75,12
DA:77,12
DA:79,12
DA:81,12
DA:83,12
DA:89,10
DA:90,1
DA:94,9
DA:95,0
DA:106,3
DA:107,1
DA:110,2
DA:112,2
DA:120,2
DA:124,1
LF:22
LH:21
BRDA:52,1,0,3
BRDA:52,1,1,0
BRDA:67,2,0,13
BRDA:67,2,1,0
BRDA:67,3,0,13
BRDA:67,3,1,0
BRDA:67,4,0,13
BRDA:67,4,1,0
BRDA:68,5,0,1
BRDA:68,5,1,12
BRDA:89,6,0,1
BRDA:89,6,1,9
BRDA:94,7,0,0
BRDA:94,7,1,9
BRDA:102,8,0,3
BRDA:102,8,1,0
BRDA:103,9,0,3
BRDA:103,9,1,0
BRDA:104,10,0,3
BRDA:104,10,1,0
BRDA:106,11,0,1
BRDA:106,11,1,2
BRDA:123,12,0,1
BRDA:123,12,1,1
BRF:24
BRH:16
end_of_record
TN:
SF:/Users/vlad/Desktop/Solidity/8_universal-proxy/contracts/test/TestCrossChain.sol
FN:21,swapToken
FN:31,swapNative
FN:39,viewEncode
FN:48,viewEncodeNative
FNF:4
FNH:4
FNDA:12,swapToken
FNDA:2,swapNative
FNDA:12,viewEncode
FNDA:2,viewEncodeNative
DA:26,12
DA:28,10
DA:32,2
DA:33,2
DA:44,12
DA:45,12
DA:49,2
DA:50,2
LF:8
LH:8
BRDA:32,1,0,2
BRDA:32,1,1,0
BRF:2
BRH:1
end_of_record
TN:
SF:/Users/vlad/Desktop/Solidity/8_universal-proxy/contracts/test/TestDEX.sol
FN:18,swap
FNF:1
FNH:0
FNDA:0,swap
DA:23,0
DA:24,0
LF:2
LH:0
BRF:0
BRH:0
end_of_record
TN:
SF:/Users/vlad/Desktop/Solidity/8_universal-proxy/contracts/test/TestERC20.sol
FN:8,constructor
FN:12,mint
FNF:2
FNH:2
FNDA:6,constructor
FNDA:1,mint
DA:9,6
DA:13,1
LF:2
LH:2
BRF:0
BRH:0
end_of_record
TN:
SF:/Users/vlad/Desktop/Solidity/8_universal-proxy/contracts/test/TestERC20Allowance.sol
FN:8,constructor
FN:12,mint
FN:26,approve
FNF:3
FNH:3
FNDA:3,constructor
FNDA:1,mint
FNDA:1,approve
DA:9,3
DA:13,1
DA:27,1
DA:28,1
DA:29,1
LF:5
LH:5
BRF:0
BRH:0
end_of_record
TN:
SF:/Users/vlad/Desktop/Solidity/8_universal-proxy/contracts/test/TestOnlySource.sol
FNF:0
FNH:0
LF:0
LH:0
BRF:0
BRH:0
end_of_record
