TN:
SF:/Users/vlad/Desktop/Solidity/8_universal-proxy/contracts/RubicProxy.sol
FN:34,constructor
FN:52,initialize
FN:67,routerCall
FN:106,routerCallNative
FN:125,sweepTokens
FNF:5
FNH:5
FNDA:3,constructor
FNDA:3,initialize
FNDA:15,routerCall
FNDA:3,routerCallNative
FNDA:1,sweepTokens
DA:42,3
DA:53,3
DA:68,15
DA:69,1
DA:72,14
DA:73,14
DA:74,14
DA:77,14
DA:79,14
DA:81,14
DA:83,14
DA:85,14
DA:91,13
DA:92,1
DA:96,12
DA:97,1
DA:108,3
DA:109,1
DA:112,2
DA:114,2
DA:122,2
DA:126,1
LF:22
LH:22
BRDA:52,1,0,3
BRDA:52,1,1,0
BRDA:67,2,0,16
BRDA:67,2,1,0
BRDA:67,3,0,15
BRDA:67,3,1,1
BRDA:67,4,0,15
BRDA:67,4,1,0
BRDA:68,5,0,1
BRDA:68,5,1,14
BRDA:91,6,0,1
BRDA:91,6,1,12
BRDA:96,7,0,1
BRDA:96,7,1,11
BRDA:104,8,0,3
BRDA:104,8,1,0
BRDA:105,9,0,3
BRDA:105,9,1,0
BRDA:106,10,0,3
BRDA:106,10,1,0
BRDA:108,11,0,1
BRDA:108,11,1,2
BRDA:125,12,0,1
BRDA:125,12,1,1
BRF:24
BRH:18
end_of_record
TN:
SF:/Users/vlad/Desktop/Solidity/8_universal-proxy/contracts/test/TestCrossChain.sol
FN:21,swapToken
FN:31,swapNative
FN:39,viewEncode
FN:48,viewEncodeNative
FNF:4
FNH:4
FNDA:14,swapToken
FNDA:2,swapNative
FNDA:15,viewEncode
FNDA:2,viewEncodeNative
DA:26,14
DA:28,13
DA:32,2
DA:33,2
DA:44,15
DA:45,15
DA:49,2
DA:50,2
LF:8
LH:8
BRDA:32,1,0,2
BRDA:32,1,1,0
BRF:2
BRH:1
end_of_record
TN:
SF:/Users/vlad/Desktop/Solidity/8_universal-proxy/contracts/test/TestDEX.sol
FN:18,swap
FNF:1
FNH:0
FNDA:0,swap
DA:23,0
DA:24,0
LF:2
LH:0
BRF:0
BRH:0
end_of_record
TN:
SF:/Users/vlad/Desktop/Solidity/8_universal-proxy/contracts/test/TestERC20.sol
FN:8,constructor
FN:12,mint
FNF:2
FNH:2
FNDA:6,constructor
FNDA:1,mint
DA:9,6
DA:13,1
LF:2
LH:2
BRF:0
BRH:0
end_of_record
TN:
SF:/Users/vlad/Desktop/Solidity/8_universal-proxy/contracts/test/TestERC20Allowance.sol
FN:8,constructor
FN:12,mint
FN:16,approve
FNF:3
FNH:3
FNDA:3,constructor
FNDA:1,mint
FNDA:2,approve
DA:9,3
DA:13,1
DA:17,2
DA:18,2
DA:19,2
LF:5
LH:5
BRF:0
BRH:0
end_of_record
TN:
SF:/Users/vlad/Desktop/Solidity/8_universal-proxy/contracts/test/TestERC20Defl.sol
FN:29,constructor
FN:37,name
FN:41,mint
FN:49,symbol
FN:66,decimals
FN:73,totalSupply
FN:80,balanceOf
FN:92,transfer
FN:101,allowance
FN:115,approve
FN:137,transferFrom
FN:160,increaseAllowance
FN:180,decreaseAllowance
FN:205,_transfer
FN:236,_mint
FN:259,_burn
FN:289,_approve
FN:309,_spendAllowance
FN:337,_beforeTokenTransfer
FN:357,_afterTokenTransfer
FNF:20
FNH:13
FNDA:3,constructor
FNDA:0,name
FNDA:1,mint
FNDA:0,symbol
FNDA:0,decimals
FNDA:0,totalSupply
FNDA:3,balanceOf
FNDA:0,transfer
FNDA:6,allowance
FNDA:1,approve
FNDA:2,transferFrom
FNDA:1,increaseAllowance
FNDA:0,decreaseAllowance
FNDA:2,_transfer
FNDA:1,_mint
FNDA:0,_burn
FNDA:4,_approve
FNDA:2,_spendAllowance
FNDA:3,_beforeTokenTransfer
FNDA:3,_afterTokenTransfer
DA:30,3
DA:31,3
DA:38,0
DA:42,1
DA:50,0
DA:67,0
DA:74,0
DA:81,3
DA:93,0
DA:94,0
DA:95,0
DA:102,6
DA:116,1
DA:117,1
DA:118,1
DA:142,2
DA:143,2
DA:144,2
DA:145,2
DA:161,1
DA:162,1
DA:163,1
DA:181,0
DA:182,0
DA:183,0
DA:184,0
DA:185,0
DA:188,0
DA:210,2
DA:211,2
DA:213,2
DA:215,2
DA:216,2
DA:217,2
DA:218,2
DA:220,2
DA:222,2
DA:224,2
DA:237,1
DA:239,1
DA:241,1
DA:242,1
DA:243,1
DA:245,1
DA:260,0
DA:262,0
DA:264,0
DA:265,0
DA:266,0
DA:267,0
DA:269,0
DA:271,0
DA:273,0
DA:294,4
DA:295,4
DA:297,4
DA:298,4
DA:314,2
DA:315,2
DA:316,2
DA:317,2
DA:318,2
LF:62
LH:40
BRDA:183,1,0,0
BRDA:183,1,1,0
BRDA:210,2,0,2
BRDA:210,2,1,0
BRDA:211,3,0,2
BRDA:211,3,1,0
BRDA:216,4,0,2
BRDA:216,4,1,0
BRDA:237,5,0,1
BRDA:237,5,1,0
BRDA:260,6,0,0
BRDA:260,6,1,0
BRDA:265,7,0,0
BRDA:265,7,1,0
BRDA:294,8,0,4
BRDA:294,8,1,0
BRDA:295,9,0,4
BRDA:295,9,1,0
BRDA:315,10,0,2
BRDA:315,10,1,0
BRDA:316,11,0,2
BRDA:316,11,1,0
BRF:22
BRH:8
end_of_record
TN:
SF:/Users/vlad/Desktop/Solidity/8_universal-proxy/contracts/test/TestOnlySource.sol
FNF:0
FNH:0
LF:0
LH:0
BRF:0
BRH:0
end_of_record
